<?xml version="1.0" encoding="UTF-8"?>
<!-- Generated by org.testng.reporters.JUnitXMLReporter -->
<testsuite ignored="0" hostname="PQA-0591LT" failures="1" tests="2" name="Test1" time="0.137" errors="0" timestamp="2023-10-11T23:46:34 EDT">
  <testcase classname="myLearning.Test1" name="Mytest1" time="0.021">
    <failure type="java.lang.AssertionError" message="null">
      <![CDATA[java.lang.AssertionError: null
at myLearning.Test1.Mytest1(Test1.java:12)
at java.base/java.util.ArrayList.forEach(ArrayList.java:1511)
... Removed 29 stack frames]]>
    </failure>
  </testcase> <!-- Mytest1 -->
  <testcase classname="myLearning.Test1" name="Mytest2" time="0.002"/>
</testsuite> <!-- Test1 -->
